android/app/build/intermediates/manifest_merge_blame_file/release/manifest-merger-blame-release-report.txt
1<?xml version="1.0" encoding="utf-8"?>
2<manifest xmlns:android="http://schemas.android.com/apk/res/android"
3    package="com.demo"
4    android:versionCode="1"
5    android:versionName="0.1" >
6
7    <uses-sdk
8        android:minSdkVersion="16"
8-->src/main/AndroidManifest.xml
9        android:targetSdkVersion="28" />
9-->src/main/AndroidManifest.xml
10
11    <uses-permission android:name="android.permission.INTERNET" />
11-->src/main/AndroidManifest.xml:4:5-67
11-->src/main/AndroidManifest.xml:4:22-64
12    <uses-permission android:name="android.permission.WRITE_EXTERNAL_STORAGE" />
12-->src/main/AndroidManifest.xml:5:5-81
12-->src/main/AndroidManifest.xml:5:22-78
13    <uses-permission android:name="android.permission.SYSTEM_ALERT_WINDOW" />
13-->src/main/AndroidManifest.xml:6:5-77
13-->src/main/AndroidManifest.xml:6:22-75
14    <uses-permission android:name="android.permission.ACCESS_FINE_LOCATION" />
14-->src/main/AndroidManifest.xml:7:5-79
14-->src/main/AndroidManifest.xml:7:22-76
15    <uses-permission android:name="android.permission.ACCESS_COARSE_LOCATION" />
15-->src/main/AndroidManifest.xml:8:5-81
15-->src/main/AndroidManifest.xml:8:22-78
16
17    <!-- Include required permissions for Google Maps API to run. -->
18    <uses-permission android:name="android.permission.ACCESS_NETWORK_STATE" />
18-->[com.google.android.gms:play-services-maps:17.0.0] AndroidManifest.xml:23:5-79
18-->[com.google.android.gms:play-services-maps:17.0.0] AndroidManifest.xml:23:22-76
19
20    <uses-feature
20-->[com.google.android.gms:play-services-maps:17.0.0] AndroidManifest.xml:26:5-28:35
21        android:glEsVersion="0x00020000"
21-->[com.google.android.gms:play-services-maps:17.0.0] AndroidManifest.xml:27:9-41
22        android:required="true" />
22-->[com.google.android.gms:play-services-maps:17.0.0] AndroidManifest.xml:28:9-32
23
24    <application
24-->src/main/AndroidManifest.xml:9:5-33:19
25        android:name="com.demo.MainApplication"
25-->src/main/AndroidManifest.xml:10:7-38
26        android:allowBackup="false"
26-->src/main/AndroidManifest.xml:14:7-34
27        android:appComponentFactory="androidx.core.app.CoreComponentFactory"
27-->[androidx.core:core:1.1.0] AndroidManifest.xml:24:18-86
28        android:icon="@mipmap/ic_launcher"
28-->src/main/AndroidManifest.xml:12:7-41
29        android:label="@string/app_name"
29-->src/main/AndroidManifest.xml:11:7-39
30        android:roundIcon="@mipmap/ic_launcher_round"
30-->src/main/AndroidManifest.xml:13:7-52
31        android:theme="@style/AppTheme" >
31-->src/main/AndroidManifest.xml:15:7-38
32        <meta-data
32-->src/main/AndroidManifest.xml:16:7-18:63
33            android:name="com.google.android.geo.API_KEY"
33-->src/main/AndroidManifest.xml:17:6-51
34            android:value="AIzaSyAjP_EgzLqgOe3cFoPhAzW8WBkfVv2Vf8U" />
34-->src/main/AndroidManifest.xml:18:6-61
35        <!-- You will also only need to add this uses-library tag -->
36        <uses-library
36-->src/main/AndroidManifest.xml:20:4-82
37            android:name="org.apache.http.legacy"
37-->src/main/AndroidManifest.xml:20:18-55
38            android:required="false" />
38-->src/main/AndroidManifest.xml:20:56-80
39
40        <activity
40-->src/main/AndroidManifest.xml:21:7-31:18
41            android:name="com.demo.MainActivity"
41-->src/main/AndroidManifest.xml:22:9-37
42            android:configChanges="keyboard|keyboardHidden|orientation|screenSize|uiMode"
42-->src/main/AndroidManifest.xml:24:9-86
43            android:label="@string/app_name"
43-->src/main/AndroidManifest.xml:23:9-41
44            android:launchMode="singleTask"
44-->src/main/AndroidManifest.xml:25:9-40
45            android:windowSoftInputMode="adjustResize" >
45-->src/main/AndroidManifest.xml:26:9-51
46            <intent-filter>
46-->src/main/AndroidManifest.xml:27:9-30:25
47                <action android:name="android.intent.action.MAIN" />
47-->src/main/AndroidManifest.xml:28:13-65
47-->src/main/AndroidManifest.xml:28:21-62
48
49                <category android:name="android.intent.category.LAUNCHER" />
49-->src/main/AndroidManifest.xml:29:13-73
49-->src/main/AndroidManifest.xml:29:23-70
50            </intent-filter>
51        </activity>
52        <activity android:name="com.facebook.react.devsupport.DevSettingsActivity" />
52-->src/main/AndroidManifest.xml:32:7-84
52-->src/main/AndroidManifest.xml:32:17-81
53
54        <provider
54-->[:react-native-webview] AndroidManifest.xml:12:9-20:20
55            android:name="com.reactnativecommunity.webview.RNCWebViewFileProvider"
55-->[:react-native-webview] AndroidManifest.xml:13:13-83
56            android:authorities="com.demo.fileprovider"
56-->[:react-native-webview] AndroidManifest.xml:14:13-64
57            android:exported="false"
57-->[:react-native-webview] AndroidManifest.xml:15:13-37
58            android:grantUriPermissions="true" >
58-->[:react-native-webview] AndroidManifest.xml:16:13-47
59            <meta-data
59-->[:react-native-webview] AndroidManifest.xml:17:13-19:63
60                android:name="android.support.FILE_PROVIDER_PATHS"
60-->[:react-native-webview] AndroidManifest.xml:18:17-67
61                android:resource="@xml/file_provider_paths" />
61-->[:react-native-webview] AndroidManifest.xml:19:17-60
62        </provider>
63
64        <activity
64-->[com.google.android.gms:play-services-base:17.0.0] AndroidManifest.xml:23:9-26:75
65            android:name="com.google.android.gms.common.api.GoogleApiActivity"
65-->[com.google.android.gms:play-services-base:17.0.0] AndroidManifest.xml:24:13-79
66            android:exported="false"
66-->[com.google.android.gms:play-services-base:17.0.0] AndroidManifest.xml:25:13-37
67            android:theme="@android:style/Theme.Translucent.NoTitleBar" />
67-->[com.google.android.gms:play-services-base:17.0.0] AndroidManifest.xml:26:13-72
68
69        <meta-data
69-->[com.google.android.gms:play-services-basement:17.0.0] AndroidManifest.xml:23:9-25:69
70            android:name="com.google.android.gms.version"
70-->[com.google.android.gms:play-services-basement:17.0.0] AndroidManifest.xml:24:13-58
71            android:value="@integer/google_play_services_version" />
71-->[com.google.android.gms:play-services-basement:17.0.0] AndroidManifest.xml:25:13-66
72    </application>
73
74</manifest>